<?xml version="1.0" encoding="UTF-8"?>
<!-- Generated by org.testng.reporters.JUnitReportReporter -->
<testsuite hostname="Sasi-Inspiron" failures="0" tests="5" name="com.inetbanking.testCases.TC_LoginDDT_002" time="52.478" errors="0" timestamp="2022-01-31T15:56:50 PST" skipped="0">
  <testcase classname="com.inetbanking.testCases.TC_LoginDDT_002" name="LoginDDT" time="10.729"/>
  <system-out/>
  <testcase classname="com.inetbanking.testCases.TC_LoginDDT_002" name="LoginDDT" time="10.491"/>
  <system-out/>
  <testcase classname="com.inetbanking.testCases.TC_LoginDDT_002" name="LoginDDT" time="10.374"/>
  <system-out/>
  <testcase classname="com.inetbanking.testCases.TC_LoginDDT_002" name="LoginDDT" time="10.499"/>
  <system-out/>
  <testcase classname="com.inetbanking.testCases.TC_LoginDDT_002" name="LoginDDT" time="10.385"/>
  <system-out/>
</testsuite> <!-- com.inetbanking.testCases.TC_LoginDDT_002 -->
