<?xml version="1.0" encoding="UTF-8"?>
<!-- Generated by org.testng.reporters.JUnitReportReporter -->
<testsuite hostname="Sasi-Inspiron" failures="0" tests="1" name="com.inetbanking.testCases.TC_AddCustomerTest_003" time="21.080" errors="0" timestamp="2022-01-30T21:24:26 PST" skipped="0">
  <testcase classname="com.inetbanking.testCases.TC_AddCustomerTest_003" name="addNewCustomer" time="21.080"/>
  <system-out/>
</testsuite> <!-- com.inetbanking.testCases.TC_AddCustomerTest_003 -->
