<?xml version="1.0" encoding="UTF-8"?>
<!-- Generated by org.testng.reporters.JUnitReportReporter -->
<testsuite skipped="0" hostname="Sasi-Inspiron" name="com.inetbanking.testCases.TC_LoginTest_001" tests="1" failures="0" timestamp="2022-01-31T17:37:39 PST" time="2.138" errors="0">
  <testcase name="loginTest" time="2.138" classname="com.inetbanking.testCases.TC_LoginTest_001"/>
  <system-out/>
</testsuite> <!-- com.inetbanking.testCases.TC_LoginTest_001 -->
