<?xml version="1.0" encoding="UTF-8"?>
<!-- Generated by org.testng.reporters.JUnitReportReporter -->
<testsuite skipped="0" hostname="Sasi-Inspiron" name="com.inetbanking.testCases.TC_LoginDDT_002" tests="5" failures="0" timestamp="2022-01-31T17:37:39 PST" time="52.771" errors="0">
  <testcase name="LoginDDT" time="10.489" classname="com.inetbanking.testCases.TC_LoginDDT_002"/>
  <system-out/>
  <testcase name="LoginDDT" time="10.423" classname="com.inetbanking.testCases.TC_LoginDDT_002"/>
  <system-out/>
  <testcase name="LoginDDT" time="10.536" classname="com.inetbanking.testCases.TC_LoginDDT_002"/>
  <system-out/>
  <testcase name="LoginDDT" time="10.752" classname="com.inetbanking.testCases.TC_LoginDDT_002"/>
  <system-out/>
  <testcase name="LoginDDT" time="10.571" classname="com.inetbanking.testCases.TC_LoginDDT_002"/>
  <system-out/>
</testsuite> <!-- com.inetbanking.testCases.TC_LoginDDT_002 -->
